<?xml version="1.0" encoding="UTF-8"?>
<!-- Generated by org.testng.reporters.JUnitReportReporter -->
<testsuite hostname="LAPTOP-HP3GFEN9" failures="0" tests="1" name="Testcases.Testtool" time="11.701" errors="0" timestamp="2024-02-21T08:38:54 IST" skipped="0">
  <testcase classname="Testcases.Testtool" name="Testool" time="11.701"/>
  <system-out/>
</testsuite> <!-- Testcases.Testtool -->
