<?xml version="1.0" encoding="UTF-8"?>
<!-- Generated by org.testng.reporters.JUnitReportReporter -->
<testsuite hostname="LAPTOP-HP3GFEN9" failures="0" tests="1" name="Testcases.Testcases" time="5.029" errors="0" timestamp="2024-02-20T12:19:21 IST" skipped="0">
  <testcase classname="Testcases.Testcases" name="Testcsse1" time="5.029"/>
  <system-out/>
</testsuite> <!-- Testcases.Testcases -->
