<?xml version="1.0" encoding="UTF-8"?>
<!-- Generated by org.testng.reporters.JUnitReportReporter -->
<testsuite hostname="LAPTOP-HP3GFEN9" failures="0" tests="1" name="Testcases.BrokenLink" time="103.096" errors="0" timestamp="2024-02-21T16:17:28 IST" skipped="0">
  <testcase classname="Testcases.BrokenLink" name="brokenlink" time="103.096"/>
  <system-out/>
</testsuite> <!-- Testcases.BrokenLink -->
