<?xml version="1.0" encoding="UTF-8"?>
<!-- Generated by org.testng.reporters.JUnitReportReporter -->
<testsuite hostname="LAPTOP-HP3GFEN9" failures="0" tests="7" name="Alert.AlertTest" time="3.425" errors="0" timestamp="2024-02-22T00:15:51 IST" skipped="0">
  <testcase classname="Alert.AlertTest" name="alert" time="2.877"/>
  <system-out/>
  <testcase classname="Alert.AlertTest" name="prompt" time="0.097"/>
  <system-out/>
  <testcase classname="Alert.AlertTest" name="doubleclick" time="0.213"/>
  <system-out/>
  <testcase classname="Alert.AlertTest" name="uploadfile" time="0.045"/>
  <system-out/>
  <testcase classname="Alert.AlertTest" name="table" time="0.040"/>
  <system-out/>
  <testcase classname="Alert.AlertTest" name="select" time="0.112"/>
  <system-out/>
  <testcase classname="Alert.AlertTest" name="image" time="0.041"/>
  <system-out/>
</testsuite> <!-- Alert.AlertTest -->
