<?xml version="1.0" encoding="UTF-8"?>
<!-- Generated by org.testng.reporters.JUnitReportReporter -->
<testsuite hostname="LAPTOP-HP3GFEN9" failures="0" tests="2" name="Testcases.Amazon" time="17.173" errors="0" timestamp="2024-02-21T10:27:03 IST" skipped="0">
  <testcase classname="Testcases.Amazon" name="amazon" time="2.177"/>
  <system-out/>
  <testcase classname="Testcases.Amazon" name="searchamazon" time="14.996"/>
  <system-out/>
</testsuite> <!-- Testcases.Amazon -->
